<?xml version="1.0" encoding="UTF-8"?>
<!-- Generated by org.testng.reporters.JUnitXMLReporter -->
<testsuite ignored="0" hostname="DESKTOP-JUU6CHH" failures="1" tests="1" name="ChromeTest" time="11.05" errors="0" timestamp="2025-08-15T22:16:52 IST">
  <testcase classname="com.finalt.framework.tests.GoogleSearchTest" name="googleSearchTest" time="4.71">
    <failure type="java.lang.AssertionError" message="expected [true] but found [false]">
      <![CDATA[java.lang.AssertionError: expected [true] but found [false]
at com.finalt.framework.tests.GoogleSearchTest.googleSearchTest(GoogleSearchTest.java:59)
at java.base/java.util.ArrayList.forEach(ArrayList.java:1597)
... Removed 29 stack frames]]>
    </failure>
  </testcase> <!-- googleSearchTest -->
</testsuite> <!-- ChromeTest -->
